<?xml version="1.0" encoding="UTF-8"?>
<testsuite name="io.modelcontextprotocol.apps.AppBridgeTest" tests="2" skipped="0" failures="0" errors="0" timestamp="2025-12-10T14:52:23.299Z" hostname="Olivier-Chafik-MacBook" time="0.03">
  <properties/>
  <testcase name="testMessageTypes()" classname="io.modelcontextprotocol.apps.AppBridgeTest" time="0.012"/>
  <testcase name="testAppBridgeCreation()" classname="io.modelcontextprotocol.apps.AppBridgeTest" time="0.017"/>
  <system-out><![CDATA[]]></system-out>
  <system-err><![CDATA[]]></system-err>
</testsuite>
